[INFO] [2018-04-04 10:15:48][org.springframework.web.servlet.DispatcherServlet]FrameworkServlet 'SpringMVC': initialization started
  [INFO] [2018-04-04 10:15:48][org.springframework.web.context.support.XmlWebApplicationContext]Refreshing WebApplicationContext for namespace 'SpringMVC-servlet': startup date [Wed Apr 04 10:15:48 CST 2018]; parent: Root WebApplicationContext
  [INFO] [2018-04-04 10:15:48][org.springframework.beans.factory.xml.XmlBeanDefinitionReader]Loading XML bean definitions from class path resource [spring-mvc.xml]
  [INFO] [2018-04-04 10:15:48][org.springframework.web.servlet.mvc.method.annotation.RequestMappingHandlerMapping]Mapped "{[/admin/login],methods=[],params=[],headers=[],consumes=[],produces=[],custom=[]}" onto public net.sf.json.JSONObject com.ats.controller.AdminController.login(javax.servlet.http.HttpServletRequest)
  [INFO] [2018-04-04 10:15:48][org.springframework.web.servlet.mvc.method.annotation.RequestMappingHandlerMapping]Mapped "{[/admin/addFlight],methods=[],params=[],headers=[],consumes=[],produces=[],custom=[]}" onto public net.sf.json.JSONObject com.ats.controller.AdminController.addFlight(javax.servlet.http.HttpServletRequest)
  [INFO] [2018-04-04 10:15:48][org.springframework.web.servlet.mvc.method.annotation.RequestMappingHandlerMapping]Mapped "{[//logout1],methods=[],params=[],headers=[],consumes=[],produces=[],custom=[]}" onto public java.lang.String com.ats.controller.LogoutController.logout1(javax.servlet.http.HttpServletRequest)
  [INFO] [2018-04-04 10:15:48][org.springframework.web.servlet.mvc.method.annotation.RequestMappingHandlerMapping]Mapped "{[//logout2],methods=[],params=[],headers=[],consumes=[],produces=[],custom=[]}" onto public java.lang.String com.ats.controller.LogoutController.logout2(javax.servlet.http.HttpServletRequest)
  [INFO] [2018-04-04 10:15:48][org.springframework.web.servlet.mvc.method.annotation.RequestMappingHandlerMapping]Mapped "{[/user/cancel],methods=[],params=[],headers=[],consumes=[],produces=[],custom=[]}" onto public net.sf.json.JSONObject com.ats.controller.UserController.cancel(javax.servlet.http.HttpServletRequest)
  [INFO] [2018-04-04 10:15:48][org.springframework.web.servlet.mvc.method.annotation.RequestMappingHandlerMapping]Mapped "{[/user/login],methods=[],params=[],headers=[],consumes=[],produces=[],custom=[]}" onto public net.sf.json.JSONObject com.ats.controller.UserController.login(javax.servlet.http.HttpServletRequest)
  [INFO] [2018-04-04 10:15:48][org.springframework.web.servlet.mvc.method.annotation.RequestMappingHandlerMapping]Mapped "{[/user/queryFlightById],methods=[],params=[],headers=[],consumes=[],produces=[],custom=[]}" onto public net.sf.json.JSONObject com.ats.controller.UserController.queryFlight(javax.servlet.http.HttpServletRequest)
  [INFO] [2018-04-04 10:15:48][org.springframework.web.servlet.mvc.method.annotation.RequestMappingHandlerMapping]Mapped "{[/user/queryOrderById],methods=[],params=[],headers=[],consumes=[],produces=[],custom=[]}" onto public net.sf.json.JSONObject com.ats.controller.UserController.queryOrder(javax.servlet.http.HttpServletRequest)
  [INFO] [2018-04-04 10:15:48][org.springframework.web.servlet.mvc.method.annotation.RequestMappingHandlerMapping]Mapped "{[/user/order],methods=[],params=[],headers=[],consumes=[],produces=[],custom=[]}" onto public net.sf.json.JSONObject com.ats.controller.UserController.reservation(javax.servlet.http.HttpServletRequest)
  [INFO] [2018-04-04 10:15:48][org.springframework.web.servlet.mvc.method.annotation.RequestMappingHandlerMapping]Mapped "{[/user/feedback],methods=[],params=[],headers=[],consumes=[],produces=[],custom=[]}" onto public net.sf.json.JSONObject com.ats.controller.UserController.feedback(javax.servlet.http.HttpServletRequest)
  [INFO] [2018-04-04 10:15:49][org.springframework.web.servlet.handler.SimpleUrlHandlerMapping]Mapped URL path [/**] onto handler 'org.springframework.web.servlet.resource.DefaultServletHttpRequestHandler#0'
  [INFO] [2018-04-04 10:15:49][org.springframework.web.servlet.DispatcherServlet]FrameworkServlet 'SpringMVC': initialization completed in 1114 ms
  [INFO] [2018-04-04 10:23:32][org.springframework.web.context.support.XmlWebApplicationContext]Closing WebApplicationContext for namespace 'SpringMVC-servlet': startup date [Wed Apr 04 10:15:48 CST 2018]; parent: Root WebApplicationContext
  [INFO] [2018-04-04 10:23:46][org.springframework.web.servlet.DispatcherServlet]FrameworkServlet 'SpringMVC': initialization started
  [INFO] [2018-04-04 10:23:46][org.springframework.web.context.support.XmlWebApplicationContext]Refreshing WebApplicationContext for namespace 'SpringMVC-servlet': startup date [Wed Apr 04 10:23:46 CST 2018]; parent: Root WebApplicationContext
  [INFO] [2018-04-04 10:23:46][org.springframework.beans.factory.xml.XmlBeanDefinitionReader]Loading XML bean definitions from class path resource [spring-mvc.xml]
  [INFO] [2018-04-04 10:23:47][org.springframework.web.servlet.mvc.method.annotation.RequestMappingHandlerMapping]Mapped "{[/admin/login],methods=[],params=[],headers=[],consumes=[],produces=[],custom=[]}" onto public net.sf.json.JSONObject com.ats.controller.AdminController.login(javax.servlet.http.HttpServletRequest)
  [INFO] [2018-04-04 10:23:47][org.springframework.web.servlet.mvc.method.annotation.RequestMappingHandlerMapping]Mapped "{[/admin/addFlight],methods=[],params=[],headers=[],consumes=[],produces=[],custom=[]}" onto public net.sf.json.JSONObject com.ats.controller.AdminController.addFlight(javax.servlet.http.HttpServletRequest)
  [INFO] [2018-04-04 10:23:47][org.springframework.web.servlet.mvc.method.annotation.RequestMappingHandlerMapping]Mapped "{[//logout2],methods=[],params=[],headers=[],consumes=[],produces=[],custom=[]}" onto public java.lang.String com.ats.controller.LogoutController.logout2(javax.servlet.http.HttpServletRequest)
  [INFO] [2018-04-04 10:23:47][org.springframework.web.servlet.mvc.method.annotation.RequestMappingHandlerMapping]Mapped "{[//logout1],methods=[],params=[],headers=[],consumes=[],produces=[],custom=[]}" onto public java.lang.String com.ats.controller.LogoutController.logout1(javax.servlet.http.HttpServletRequest)
  [INFO] [2018-04-04 10:23:47][org.springframework.web.servlet.mvc.method.annotation.RequestMappingHandlerMapping]Mapped "{[/user/cancel],methods=[],params=[],headers=[],consumes=[],produces=[],custom=[]}" onto public net.sf.json.JSONObject com.ats.controller.UserController.cancel(javax.servlet.http.HttpServletRequest)
  [INFO] [2018-04-04 10:23:47][org.springframework.web.servlet.mvc.method.annotation.RequestMappingHandlerMapping]Mapped "{[/user/login],methods=[],params=[],headers=[],consumes=[],produces=[],custom=[]}" onto public net.sf.json.JSONObject com.ats.controller.UserController.login(javax.servlet.http.HttpServletRequest)
  [INFO] [2018-04-04 10:23:47][org.springframework.web.servlet.mvc.method.annotation.RequestMappingHandlerMapping]Mapped "{[/user/feedback],methods=[],params=[],headers=[],consumes=[],produces=[],custom=[]}" onto public net.sf.json.JSONObject com.ats.controller.UserController.feedback(javax.servlet.http.HttpServletRequest)
  [INFO] [2018-04-04 10:23:47][org.springframework.web.servlet.mvc.method.annotation.RequestMappingHandlerMapping]Mapped "{[/user/queryFlightById],methods=[],params=[],headers=[],consumes=[],produces=[],custom=[]}" onto public net.sf.json.JSONObject com.ats.controller.UserController.queryFlight(javax.servlet.http.HttpServletRequest)
  [INFO] [2018-04-04 10:23:47][org.springframework.web.servlet.mvc.method.annotation.RequestMappingHandlerMapping]Mapped "{[/user/queryOrderById],methods=[],params=[],headers=[],consumes=[],produces=[],custom=[]}" onto public net.sf.json.JSONObject com.ats.controller.UserController.queryOrder(javax.servlet.http.HttpServletRequest)
  [INFO] [2018-04-04 10:23:47][org.springframework.web.servlet.mvc.method.annotation.RequestMappingHandlerMapping]Mapped "{[/user/order],methods=[],params=[],headers=[],consumes=[],produces=[],custom=[]}" onto public net.sf.json.JSONObject com.ats.controller.UserController.reservation(javax.servlet.http.HttpServletRequest)
  [INFO] [2018-04-04 10:23:47][org.springframework.web.servlet.handler.SimpleUrlHandlerMapping]Mapped URL path [/**] onto handler 'org.springframework.web.servlet.resource.DefaultServletHttpRequestHandler#0'
  [INFO] [2018-04-04 10:23:47][org.springframework.web.servlet.DispatcherServlet]FrameworkServlet 'SpringMVC': initialization completed in 927 ms
  [INFO] [2018-04-04 10:33:48][org.springframework.web.context.support.XmlWebApplicationContext]Closing WebApplicationContext for namespace 'SpringMVC-servlet': startup date [Wed Apr 04 10:23:46 CST 2018]; parent: Root WebApplicationContext
  [INFO] [2018-04-04 10:34:03][org.springframework.web.servlet.DispatcherServlet]FrameworkServlet 'SpringMVC': initialization started
  [INFO] [2018-04-04 10:34:03][org.springframework.web.context.support.XmlWebApplicationContext]Refreshing WebApplicationContext for namespace 'SpringMVC-servlet': startup date [Wed Apr 04 10:34:03 CST 2018]; parent: Root WebApplicationContext
  [INFO] [2018-04-04 10:34:03][org.springframework.beans.factory.xml.XmlBeanDefinitionReader]Loading XML bean definitions from class path resource [spring-mvc.xml]
  [INFO] [2018-04-04 10:34:04][org.springframework.web.servlet.mvc.method.annotation.RequestMappingHandlerMapping]Mapped "{[/admin/login],methods=[],params=[],headers=[],consumes=[],produces=[],custom=[]}" onto public net.sf.json.JSONObject com.ats.controller.AdminController.login(javax.servlet.http.HttpServletRequest)
  [INFO] [2018-04-04 10:34:04][org.springframework.web.servlet.mvc.method.annotation.RequestMappingHandlerMapping]Mapped "{[/admin/addFlight],methods=[],params=[],headers=[],consumes=[],produces=[],custom=[]}" onto public net.sf.json.JSONObject com.ats.controller.AdminController.addFlight(javax.servlet.http.HttpServletRequest)
  [INFO] [2018-04-04 10:34:04][org.springframework.web.servlet.mvc.method.annotation.RequestMappingHandlerMapping]Mapped "{[//logout2],methods=[],params=[],headers=[],consumes=[],produces=[],custom=[]}" onto public java.lang.String com.ats.controller.LogoutController.logout2(javax.servlet.http.HttpServletRequest)
  [INFO] [2018-04-04 10:34:04][org.springframework.web.servlet.mvc.method.annotation.RequestMappingHandlerMapping]Mapped "{[//logout1],methods=[],params=[],headers=[],consumes=[],produces=[],custom=[]}" onto public java.lang.String com.ats.controller.LogoutController.logout1(javax.servlet.http.HttpServletRequest)
  [INFO] [2018-04-04 10:34:04][org.springframework.web.servlet.mvc.method.annotation.RequestMappingHandlerMapping]Mapped "{[/user/cancel],methods=[],params=[],headers=[],consumes=[],produces=[],custom=[]}" onto public net.sf.json.JSONObject com.ats.controller.UserController.cancel(javax.servlet.http.HttpServletRequest)
  [INFO] [2018-04-04 10:34:04][org.springframework.web.servlet.mvc.method.annotation.RequestMappingHandlerMapping]Mapped "{[/user/login],methods=[],params=[],headers=[],consumes=[],produces=[],custom=[]}" onto public net.sf.json.JSONObject com.ats.controller.UserController.login(javax.servlet.http.HttpServletRequest)
  [INFO] [2018-04-04 10:34:04][org.springframework.web.servlet.mvc.method.annotation.RequestMappingHandlerMapping]Mapped "{[/user/queryFlightById],methods=[],params=[],headers=[],consumes=[],produces=[],custom=[]}" onto public net.sf.json.JSONObject com.ats.controller.UserController.queryFlight(javax.servlet.http.HttpServletRequest)
  [INFO] [2018-04-04 10:34:04][org.springframework.web.servlet.mvc.method.annotation.RequestMappingHandlerMapping]Mapped "{[/user/feedback],methods=[],params=[],headers=[],consumes=[],produces=[],custom=[]}" onto public net.sf.json.JSONObject com.ats.controller.UserController.feedback(javax.servlet.http.HttpServletRequest)
  [INFO] [2018-04-04 10:34:04][org.springframework.web.servlet.mvc.method.annotation.RequestMappingHandlerMapping]Mapped "{[/user/queryOrderById],methods=[],params=[],headers=[],consumes=[],produces=[],custom=[]}" onto public net.sf.json.JSONObject com.ats.controller.UserController.queryOrder(javax.servlet.http.HttpServletRequest)
  [INFO] [2018-04-04 10:34:04][org.springframework.web.servlet.mvc.method.annotation.RequestMappingHandlerMapping]Mapped "{[/user/order],methods=[],params=[],headers=[],consumes=[],produces=[],custom=[]}" onto public net.sf.json.JSONObject com.ats.controller.UserController.reservation(javax.servlet.http.HttpServletRequest)
  [INFO] [2018-04-04 10:34:04][org.springframework.web.servlet.handler.SimpleUrlHandlerMapping]Mapped URL path [/**] onto handler 'org.springframework.web.servlet.resource.DefaultServletHttpRequestHandler#0'
  [INFO] [2018-04-04 10:34:04][org.springframework.web.servlet.DispatcherServlet]FrameworkServlet 'SpringMVC': initialization completed in 923 ms
  [INFO] [2018-04-04 10:39:12][org.springframework.web.context.support.XmlWebApplicationContext]Closing WebApplicationContext for namespace 'SpringMVC-servlet': startup date [Wed Apr 04 10:34:03 CST 2018]; parent: Root WebApplicationContext
  [INFO] [2018-04-04 10:39:26][org.springframework.web.servlet.DispatcherServlet]FrameworkServlet 'SpringMVC': initialization started
  [INFO] [2018-04-04 10:39:26][org.springframework.web.context.support.XmlWebApplicationContext]Refreshing WebApplicationContext for namespace 'SpringMVC-servlet': startup date [Wed Apr 04 10:39:26 CST 2018]; parent: Root WebApplicationContext
  [INFO] [2018-04-04 10:39:26][org.springframework.beans.factory.xml.XmlBeanDefinitionReader]Loading XML bean definitions from class path resource [spring-mvc.xml]
  [INFO] [2018-04-04 10:39:26][org.springframework.web.servlet.mvc.method.annotation.RequestMappingHandlerMapping]Mapped "{[/admin/login],methods=[],params=[],headers=[],consumes=[],produces=[],custom=[]}" onto public net.sf.json.JSONObject com.ats.controller.AdminController.login(javax.servlet.http.HttpServletRequest)
  [INFO] [2018-04-04 10:39:26][org.springframework.web.servlet.mvc.method.annotation.RequestMappingHandlerMapping]Mapped "{[/admin/addFlight],methods=[],params=[],headers=[],consumes=[],produces=[],custom=[]}" onto public net.sf.json.JSONObject com.ats.controller.AdminController.addFlight(javax.servlet.http.HttpServletRequest)
  [INFO] [2018-04-04 10:39:26][org.springframework.web.servlet.mvc.method.annotation.RequestMappingHandlerMapping]Mapped "{[//logout2],methods=[],params=[],headers=[],consumes=[],produces=[],custom=[]}" onto public java.lang.String com.ats.controller.LogoutController.logout2(javax.servlet.http.HttpServletRequest)
  [INFO] [2018-04-04 10:39:26][org.springframework.web.servlet.mvc.method.annotation.RequestMappingHandlerMapping]Mapped "{[//logout1],methods=[],params=[],headers=[],consumes=[],produces=[],custom=[]}" onto public java.lang.String com.ats.controller.LogoutController.logout1(javax.servlet.http.HttpServletRequest)
  [INFO] [2018-04-04 10:39:26][org.springframework.web.servlet.mvc.method.annotation.RequestMappingHandlerMapping]Mapped "{[/user/cancel],methods=[],params=[],headers=[],consumes=[],produces=[],custom=[]}" onto public net.sf.json.JSONObject com.ats.controller.UserController.cancel(javax.servlet.http.HttpServletRequest)
  [INFO] [2018-04-04 10:39:26][org.springframework.web.servlet.mvc.method.annotation.RequestMappingHandlerMapping]Mapped "{[/user/login],methods=[],params=[],headers=[],consumes=[],produces=[],custom=[]}" onto public net.sf.json.JSONObject com.ats.controller.UserController.login(javax.servlet.http.HttpServletRequest)
  [INFO] [2018-04-04 10:39:26][org.springframework.web.servlet.mvc.method.annotation.RequestMappingHandlerMapping]Mapped "{[/user/queryOrderById],methods=[],params=[],headers=[],consumes=[],produces=[],custom=[]}" onto public net.sf.json.JSONObject com.ats.controller.UserController.queryOrder(javax.servlet.http.HttpServletRequest)
  [INFO] [2018-04-04 10:39:26][org.springframework.web.servlet.mvc.method.annotation.RequestMappingHandlerMapping]Mapped "{[/user/order],methods=[],params=[],headers=[],consumes=[],produces=[],custom=[]}" onto public net.sf.json.JSONObject com.ats.controller.UserController.reservation(javax.servlet.http.HttpServletRequest)
  [INFO] [2018-04-04 10:39:26][org.springframework.web.servlet.mvc.method.annotation.RequestMappingHandlerMapping]Mapped "{[/user/feedback],methods=[],params=[],headers=[],consumes=[],produces=[],custom=[]}" onto public net.sf.json.JSONObject com.ats.controller.UserController.feedback(javax.servlet.http.HttpServletRequest)
  [INFO] [2018-04-04 10:39:26][org.springframework.web.servlet.mvc.method.annotation.RequestMappingHandlerMapping]Mapped "{[/user/queryFlightById],methods=[],params=[],headers=[],consumes=[],produces=[],custom=[]}" onto public net.sf.json.JSONObject com.ats.controller.UserController.queryFlight(javax.servlet.http.HttpServletRequest)
  [INFO] [2018-04-04 10:39:27][org.springframework.web.servlet.handler.SimpleUrlHandlerMapping]Mapped URL path [/**] onto handler 'org.springframework.web.servlet.resource.DefaultServletHttpRequestHandler#0'
  [INFO] [2018-04-04 10:39:27][org.springframework.web.servlet.DispatcherServlet]FrameworkServlet 'SpringMVC': initialization completed in 934 ms
  [INFO] [2018-04-04 14:40:46][org.springframework.web.context.support.XmlWebApplicationContext]Closing WebApplicationContext for namespace 'SpringMVC-servlet': startup date [Wed Apr 04 10:39:26 CST 2018]; parent: Root WebApplicationContext
  